Entry not processed: Arcyria_cinerea,Arcyria cinerea ,"3,658",Brainy Slime Mold,Protozoa,Ecological Framework: Biological Integrity | Focal Species or Communities | Forest/Woodland Communities,1.#QNAN0000000000,1.#QNAN0000000000
1.#QNAN0000000000 is not a float.
Entry not processed: Arcyria_denudata,Arcyria denudata ,"3,659",Unspecified,Protozoa,Ecological Framework: Biological Integrity | Focal Species or Communities | Forest/Woodland Communities,1.#QNAN0000000000,1.#QNAN0000000000
1.#QNAN0000000000 is not a float.
Entry not processed: Clastoderma_debaryanum,Clastoderma debaryanum ,"8,917",Unspecified,Protozoa,Ecological Framework: Biological Integrity | Focal Species or Communities | Forest/Woodland Communities,1.#QNAN0000000000,1.#QNAN0000000000
1.#QNAN0000000000 is not a float.
Entry not processed: Collaria_arcyrionema,Collaria arcyrionema ,"8,315",Unspecified,Protozoa,Ecological Framework: Biological Integrity | Focal Species or Communities | Forest/Woodland Communities,1.#QNAN0000000000,1.#QNAN0000000000
1.#QNAN0000000000 is not a float.
Entry not processed: Metatrichia_Protozoa_vesparia,Metatrichia.Protozoa vesparia ,"24,952",Unspecified,Protozoa,Ecological Framework: Biological Integrity | Focal Species or Communities | Forest/Woodland Communities,1.#QNAN0000000000,1.#QNAN0000000000
1.#QNAN0000000000 is not a float.
Entry not processed: Physarum_album,Physarum album ,"31,234",Unspecified,Protozoa,Ecological Framework: Biological Integrity | Focal Species or Communities | Forest/Woodland Communities,1.#QNAN0000000000,1.#QNAN0000000000
1.#QNAN0000000000 is not a float.
Entry not processed: Stemonitis_axifera,Stemonitis axifera ,"37,989",Unspecified,Protozoa,Ecological Framework: Biological Integrity | Focal Species or Communities | Forest/Woodland Communities,1.#QNAN0000000000,1.#QNAN0000000000
1.#QNAN0000000000 is not a float.

Species records in total:            175436
Species records processed:           175429
Species records not processed:       7
Total unique species:                2577
Total species with >= 30 records:    884
Total species with < 30 records:     1693
Counts file written: ATBI_counts.txt
884 files created in ATBI_files/
